#
# There is insufficient memory for the Java Runtime Environment to continue.
# Native memory allocation (mmap) failed to map 67108864 bytes. Error detail: G1 virtual space
# Possible reasons:
#   The system is out of physical RAM or swap space
#   This process is running with CompressedOops enabled, and the Java Heap may be blocking the growth of the native heap
# Possible solutions:
#   Reduce memory load on the system
#   Increase physical memory or swap space
#   Check if swap backing store is full
#   Decrease Java heap size (-Xmx/-Xms)
#   Decrease number of Java threads
#   Decrease Java thread stack sizes (-Xss)
#   Set larger code cache with -XX:ReservedCodeCacheSize=
#   JVM is running with Unscaled Compressed Oops mode in which the Java heap is
#     placed in the first 4GB address space. The Java Heap base address is the
#     maximum limit for the native heap growth. Please use -XX:HeapBaseMinAddress
#     to set the Java Heap base and to place the Java Heap above 4GB virtual address.
# This output file may be truncated or incomplete.
#
#  Out of Memory Error (os_windows.cpp:3678), pid=17388, tid=16552
#
# JRE version:  (17.0.12+7) (build )
# Java VM: OpenJDK 64-Bit Server VM (17.0.12+7-LTS, mixed mode, sharing, tiered, compressed oops, compressed class ptrs, g1 gc, windows-amd64)
# No core dump will be written. Minidumps are not enabled by default on client versions of Windows
#

---------------  S U M M A R Y ------------

Command Line: -Xmx64m -Xms64m -Dorg.gradle.appname=gradlew org.gradle.wrapper.GradleWrapperMain app:installDebug -PreactNativeDevServerPort=8081

Host: Intel(R) Core(TM) i5-4590S CPU @ 3.00GHz, 4 cores, 15G,  Windows 10 , 64 bit Build 19041 (10.0.19041.4842)
Time: Tue Sep 24 11:18:33 2024 India Standard Time elapsed time: 0.013774 seconds (0d 0h 0m 0s)

---------------  T H R E A D  ---------------

Current thread (0x00000196590b0770):  JavaThread "Unknown thread" [_thread_in_vm, id=16552, stack(0x00000047c8000000,0x00000047c8100000)]

Stack: [0x00000047c8000000,0x00000047c8100000]
Native frames: (J=compiled Java code, j=interpreted, Vv=VM code, C=native code)
V  [jvm.dll+0x686d99]
V  [jvm.dll+0x83daf8]
V  [jvm.dll+0x83f5a3]
V  [jvm.dll+0x83fc13]
V  [jvm.dll+0x2492ef]
V  [jvm.dll+0x683dd9]
V  [jvm.dll+0x6782fa]
V  [jvm.dll+0x30a797]
V  [jvm.dll+0x311d06]
V  [jvm.dll+0x36252e]
V  [jvm.dll+0x36276d]
V  [jvm.dll+0x2e1a9c]
V  [jvm.dll+0x2e29b4]
V  [jvm.dll+0x80faab]
V  [jvm.dll+0x370241]
V  [jvm.dll+0x7ee6bf]
V  [jvm.dll+0x3f6ccf]
V  [jvm.dll+0x3f87f1]
C  [jli.dll+0x5284]
C  [ucrtbase.dll+0x21bb2]
C  [KERNEL32.DLL+0x17374]
C  [ntdll.dll+0x4cc91]


---------------  P R O C E S S  ---------------

Threads class SMR info:
_java_thread_list=0x00007fff85f6cf98, length=0, elements={
}

Java Threads: ( => current thread )

Other Threads:
  0x00000196590d2740 GCTaskThread "GC Thread#0" [stack: 0x00000047c8100000,0x00000047c8200000] [id=10612]
  0x00000196590d3e90 ConcurrentGCThread "G1 Main Marker" [stack: 0x00000047c8200000,0x00000047c8300000] [id=20312]
  0x00000196590d48b0 ConcurrentGCThread "G1 Conc#0" [stack: 0x00000047c8300000,0x00000047c8400000] [id=21064]

[error occurred during error reporting (printing all threads), id 0xc0000005, EXCEPTION_ACCESS_VIOLATION (0xc0000005) at pc=0x00007fff857225b7]

VM state: not at safepoint (not fully initialized)

VM Mutex/Monitor currently owned by a thread:  ([mutex/lock_event])
[0x00000196590ad610] Heap_lock - owner thread: 0x00000196590b0770

Heap address: 0x00000000fc000000, size: 64 MB, Compressed Oops mode: 32-bit

CDS archive(s) mapped at: [0x0000000000000000-0x0000000000000000-0x0000000000000000), size 0, SharedBaseAddress: 0x0000000800000000, ArchiveRelocationMode: 1.
Narrow klass base: 0x0000000000000000, Narrow klass shift: 0, Narrow klass range: 0x0

GC Precious Log:
<Empty>

Heap:
 garbage-first heap   total 0K, used 0K [0x00000000fc000000, 0x0000000100000000)
  region size 1024K, 0 young (0K), 0 survivors (0K)

[error occurred during error reporting (printing heap information), id 0xc0000005, EXCEPTION_ACCESS_VIOLATION (0xc0000005) at pc=0x00007fff85b10a39]

GC Heap History (0 events):
No events

Dll operation events (1 events):
Event: 0.007 Loaded shared library C:\Program Files\Microsoft\jdk-17.0.12.7-hotspot\bin\java.dll

Deoptimization events (0 events):
No events

Classes loaded (0 events):
No events

Classes unloaded (0 events):
No events

Classes redefined (0 events):
No events

Internal exceptions (0 events):
No events

VM Operations (0 events):
No events

Events (0 events):
No events


Dynamic libraries:
0x00007ff71f6e0000 - 0x00007ff71f6ee000 	C:\Program Files\Microsoft\jdk-17.0.12.7-hotspot\bin\java.exe
0x00007fffbcc50000 - 0x00007fffbce48000 	C:\WINDOWS\SYSTEM32\ntdll.dll
0x00007fffbb140000 - 0x00007fffbb201000 	C:\WINDOWS\System32\KERNEL32.DLL
0x00007fffba980000 - 0x00007fffbac7d000 	C:\WINDOWS\System32\KERNELBASE.dll
0x00007fffba6c0000 - 0x00007fffba7c0000 	C:\WINDOWS\System32\ucrtbase.dll
0x00007fffa5630000 - 0x00007fffa5647000 	C:\Program Files\Microsoft\jdk-17.0.12.7-hotspot\bin\jli.dll
0x00007fffa0ac0000 - 0x00007fffa0add000 	C:\Program Files\Microsoft\jdk-17.0.12.7-hotspot\bin\VCRUNTIME140.dll
0x00007fffb02d0000 - 0x00007fffb056a000 	C:\WINDOWS\WinSxS\amd64_microsoft.windows.common-controls_6595b64144ccf1df_6.0.19041.4355_none_60b8b9eb71f62e16\COMCTL32.dll
0x00007fffbb750000 - 0x00007fffbb8ed000 	C:\WINDOWS\System32\USER32.dll
0x00007fffbb210000 - 0x00007fffbb2ae000 	C:\WINDOWS\System32\msvcrt.dll
0x00007fffbb590000 - 0x00007fffbb5bb000 	C:\WINDOWS\System32\GDI32.dll
0x00007fffba900000 - 0x00007fffba922000 	C:\WINDOWS\System32\win32u.dll
0x00007fffba4d0000 - 0x00007fffba5e7000 	C:\WINDOWS\System32\gdi32full.dll
0x00007fffba5f0000 - 0x00007fffba68d000 	C:\WINDOWS\System32\msvcp_win.dll
0x00007fffbb110000 - 0x00007fffbb13f000 	C:\WINDOWS\System32\IMM32.DLL
0x00007fffb6840000 - 0x00007fffb684c000 	C:\Program Files\Microsoft\jdk-17.0.12.7-hotspot\bin\vcruntime140_1.dll
0x00007fff9ee70000 - 0x00007fff9eefd000 	C:\Program Files\Microsoft\jdk-17.0.12.7-hotspot\bin\msvcp140.dll
0x00007fff85430000 - 0x00007fff860a0000 	C:\Program Files\Microsoft\jdk-17.0.12.7-hotspot\bin\server\jvm.dll
0x00007fffbcb60000 - 0x00007fffbcc10000 	C:\WINDOWS\System32\ADVAPI32.dll
0x00007fffbb5c0000 - 0x00007fffbb660000 	C:\WINDOWS\System32\sechost.dll
0x00007fffbad40000 - 0x00007fffbae63000 	C:\WINDOWS\System32\RPCRT4.dll
0x00007fffba690000 - 0x00007fffba6b7000 	C:\WINDOWS\System32\bcrypt.dll
0x00007fffbc240000 - 0x00007fffbc2ab000 	C:\WINDOWS\System32\WS2_32.dll
0x00007fffba160000 - 0x00007fffba1ab000 	C:\WINDOWS\SYSTEM32\POWRPROF.dll
0x00007fffa96f0000 - 0x00007fffa9717000 	C:\WINDOWS\SYSTEM32\WINMM.dll
0x00007fffb1500000 - 0x00007fffb150a000 	C:\WINDOWS\SYSTEM32\VERSION.dll
0x00007fffba140000 - 0x00007fffba152000 	C:\WINDOWS\SYSTEM32\UMPDC.dll
0x00007fffb8160000 - 0x00007fffb8172000 	C:\WINDOWS\SYSTEM32\kernel.appcore.dll
0x00007fffaacf0000 - 0x00007fffaacfa000 	C:\Program Files\Microsoft\jdk-17.0.12.7-hotspot\bin\jimage.dll
0x00007fffa9fa0000 - 0x00007fffaa184000 	C:\WINDOWS\SYSTEM32\DBGHELP.DLL
0x00007fffa8de0000 - 0x00007fffa8e14000 	C:\WINDOWS\SYSTEM32\dbgcore.DLL
0x00007fffba870000 - 0x00007fffba8f2000 	C:\WINDOWS\System32\bcryptPrimitives.dll
0x00007fff9f770000 - 0x00007fff9f795000 	C:\Program Files\Microsoft\jdk-17.0.12.7-hotspot\bin\java.dll

dbghelp: loaded successfully - version: 4.0.5 - missing functions: none
symbol engine: initialized successfully - sym options: 0x614 - pdb path: .;C:\Program Files\Microsoft\jdk-17.0.12.7-hotspot\bin;C:\WINDOWS\SYSTEM32;C:\WINDOWS\WinSxS\amd64_microsoft.windows.common-controls_6595b64144ccf1df_6.0.19041.4355_none_60b8b9eb71f62e16;C:\Program Files\Microsoft\jdk-17.0.12.7-hotspot\bin\server

VM Arguments:
jvm_args: -Xmx64m -Xms64m -Dorg.gradle.appname=gradlew 
java_command: org.gradle.wrapper.GradleWrapperMain app:installDebug -PreactNativeDevServerPort=8081
java_class_path (initial): E:\Projects\React-native\Example_Project\android\\gradle\wrapper\gradle-wrapper.jar
Launcher Type: SUN_STANDARD

[Global flags]
     intx CICompilerCount                          = 3                                         {product} {ergonomic}
     uint ConcGCThreads                            = 1                                         {product} {ergonomic}
     uint G1ConcRefinementThreads                  = 4                                         {product} {ergonomic}
   size_t G1HeapRegionSize                         = 1048576                                   {product} {ergonomic}
    uintx GCDrainStackTargetSize                   = 64                                        {product} {ergonomic}
   size_t InitialHeapSize                          = 67108864                                  {product} {command line}
   size_t MarkStackSize                            = 4194304                                   {product} {ergonomic}
   size_t MaxHeapSize                              = 67108864                                  {product} {command line}
   size_t MinHeapDeltaBytes                        = 1048576                                   {product} {ergonomic}
   size_t MinHeapSize                              = 67108864                                  {product} {command line}
    uintx NonNMethodCodeHeapSize                   = 5832780                                {pd product} {ergonomic}
    uintx NonProfiledCodeHeapSize                  = 122912730                              {pd product} {ergonomic}
    uintx ProfiledCodeHeapSize                     = 122912730                              {pd product} {ergonomic}
    uintx ReservedCodeCacheSize                    = 251658240                              {pd product} {ergonomic}
     bool SegmentedCodeCache                       = true                                      {product} {ergonomic}
   size_t SoftMaxHeapSize                          = 67108864                               {manageable} {ergonomic}
     bool UseCompressedClassPointers               = true                           {product lp64_product} {ergonomic}
     bool UseCompressedOops                        = true                           {product lp64_product} {ergonomic}
     bool UseG1GC                                  = true                                      {product} {ergonomic}
     bool UseLargePagesIndividualAllocation        = false                                  {pd product} {ergonomic}

Logging:
Log output configuration:
 #0: stdout all=warning uptime,level,tags
 #1: stderr all=off uptime,level,tags

Environment Variables:
JAVA_HOME=C:\Program Files\Microsoft\jdk-17.0.12.7-hotspot\
CLASSPATH=E:\Projects\React-native\Example_Project\android\\gradle\wrapper\gradle-wrapper.jar
PATH=E:\Projects\React-native\Example_Project\node_modules\.bin;E:\Projects\React-native\Example_Project\node_modules\.bin;E:\Projects\React-native\node_modules\.bin;E:\Projects\node_modules\.bin;E:\node_modules\.bin;C:\Users\lenovo\AppData\Roaming\npm\node_modules\npm\node_modules\@npmcli\run-script\lib\node-gyp-bin;E:\Projects\React-native\Example_Project\node_modules\.bin;E:\Projects\React-native\Example_Project\node_modules\.bin;E:\Projects\React-native\node_modules\.bin;E:\Projects\node_modules\.bin;E:\node_modules\.bin;C:\Users\lenovo\AppData\Roaming\npm\node_modules\npm\node_modules\@npmcli\run-script\lib\node-gyp-bin;C:\Program Files\Microsoft\jdk-17.0.12.7-hotspot\bin;C:\Program Files\Common Files\Oracle\Java\javapath;C:\WINDOWS\system32;C:\WINDOWS;C:\WINDOWS\System32\Wbem;C:\WINDOWS\System32\WindowsPowerShell\v1.0\;C:\WINDOWS\System32\OpenSSH\;E:\oracle\instantclient_18_3\;C:\Program Files\MongoDB\Server\4.2\bin;C:\Program Files\PostgreSQL\11\bin;C:\Program Files\Redis\;C:\Users\lenovo\AppData\Roaming\nvm;C:\Program Files\nodejs;C:\Users\lenovo\Downloads\oracle\instantclient_18_3;C:\Users\lenovo\Downloads\Visual-C-Runtimes-All-in-One-Jan-2020;C:\Program Files\MongoDB\Server\4.2\bin;C:\Program Files (x86)\Windows Kits\10\Windows Performance Toolkit\;C:\Users\lenovo\Downloads\gradle-8.4-all\gradle-8.4\bin;C:\Users\lenovo\Downloads\gradle-7.5.1-all\gradle-7.5.1\bin;C:\Program Files (x86)\Yarn\bin\;C:\Program Files\Java\jdk-21;C:\Program Files\Java\jdk-17;C:\Users\lenovo\AppData\Local\Android\Sdk\platform-tools;C:\Program Files\Git\cmd;;C:\ProgramData\chocolatey\bin;C:\Program Files\nodejs\;C:\Program Files\MySQL\MySQL Shell 8.0\bin\;C:\Users\lenovo\AppData\Local\Programs\Python\Python36\Scripts\;C:\Users\lenovo\AppData\Local\Programs\Python\Python36\;C:\Users\lenovo\AppData\Local\Microsoft\WindowsApps;C:\Users\lenovo\AppData\Local\Programs\Microsoft VS Code\bin;"C:\Program Files\Git\bin;C:\Program Files\Git\cmd";D:\mongodb-shell-win32-x86_64-2012plus-4.2.6\mongo
USERNAME=Bharath
LANG=en_US.UTF-8
OS=Windows_NT
PROCESSOR_IDENTIFIER=Intel64 Family 6 Model 60 Stepping 3, GenuineIntel
TMP=C:\Users\lenovo\AppData\Local\Temp
TEMP=C:\Users\lenovo\AppData\Local\Temp



Periodic native trim disabled


---------------  S Y S T E M  ---------------

OS:
 Windows 10 , 64 bit Build 19041 (10.0.19041.4842)
OS uptime: 1 days 1:45 hours
Hyper-V role detected

CPU: total 4 (initial active 4) (4 cores per cpu, 1 threads per core) family 6 model 60 stepping 3 microcode 0x27, cx8, cmov, fxsr, mmx, sse, sse2, sse3, ssse3, sse4.1, sse4.2, popcnt, lzcnt, tsc, tscinvbit, avx, avx2, aes, erms, clmul, bmi1, bmi2, fma, vzeroupper, clflush, hv
Processor Information for the first 4 processors :
  Max Mhz: 3001, Current Mhz: 3001, Mhz Limit: 3001

Memory: 4k page, system-wide physical 16178M (1766M free)
TotalPageFile size 22066M (AvailPageFile size 46M)
current process WorkingSet (physical memory assigned to process): 10M, peak: 10M
current process commit charge ("private bytes"): 51M, peak: 115M

vm_info: OpenJDK 64-Bit Server VM (17.0.12+7-LTS) for windows-amd64 JRE (17.0.12+7-LTS), built on Jul 16 2024 18:11:44 by "MicrosoftCorporation" with unknown MS VC++:1939

END.
